[debug] [2022-07-07T00:42:23.042Z] ----------------------------------------------------------------------
[debug] [2022-07-07T00:42:23.045Z] Command:       /usr/local/bin/node /usr/local/bin/firebase init hosting
[debug] [2022-07-07T00:42:23.046Z] CLI Version:   11.1.0
[debug] [2022-07-07T00:42:23.046Z] Platform:      darwin
[debug] [2022-07-07T00:42:23.046Z] Node Version:  v16.15.1
[debug] [2022-07-07T00:42:23.048Z] Time:          Wed Jul 06 2022 20:42:23 GMT-0400 (Eastern Daylight Time)
[debug] [2022-07-07T00:42:23.048Z] ----------------------------------------------------------------------
[debug] 
[debug] [2022-07-07T00:42:23.534Z] > command requires scopes: ["email","openid","https://www.googleapis.com/auth/cloudplatformprojects.readonly","https://www.googleapis.com/auth/firebase","https://www.googleapis.com/auth/cloud-platform"]
[debug] [2022-07-07T00:42:23.534Z] > authorizing via signed-in user (pasangjangbus1999@gmail.com)
[info] 
     ######## #### ########  ######## ########     ###     ######  ########
     ##        ##  ##     ## ##       ##     ##  ##   ##  ##       ##
     ######    ##  ########  ######   ########  #########  ######  ######
     ##        ##  ##    ##  ##       ##     ## ##     ##       ## ##
     ##       #### ##     ## ######## ########  ##     ##  ######  ########

You're about to initialize a Firebase project in this directory:

  /Users/pasangsherpa/Desktop/REACT Final/the-dojo

Before we get started, keep in mind:

  * You are initializing within an existing Firebase project directory

[info] 
=== Project Setup
[info] 
[info] First, let's associate this project directory with a Firebase project.
[info] You can create multiple project aliases by running firebase use --add, 
[info] but for now we'll just set up a default project.
[info] 
[debug] [2022-07-07T00:42:23.677Z] Using project from CLI flag: monday-clone-7e2b7
[debug] [2022-07-07T00:42:23.685Z] >>> [apiv2][query] GET https://firebase.googleapis.com/v1beta1/projects/monday-clone-7e2b7 [none]
[debug] [2022-07-07T00:42:24.432Z] <<< [apiv2][status] GET https://firebase.googleapis.com/v1beta1/projects/monday-clone-7e2b7 200
[debug] [2022-07-07T00:42:24.432Z] <<< [apiv2][body] GET https://firebase.googleapis.com/v1beta1/projects/monday-clone-7e2b7 {"projectId":"monday-clone-7e2b7","projectNumber":"654302179786","displayName":"Monday Clone","name":"projects/monday-clone-7e2b7","resources":{"hostingSite":"monday-clone-7e2b7","storageBucket":"monday-clone-7e2b7.appspot.com","locationId":"us-central"},"state":"ACTIVE"}
[info] i  Using project monday-clone-7e2b7 (Monday Clone) 
[info] 
=== Hosting Setup
[info] 
[info] Your public directory is the folder (relative to your project directory) that
[info] will contain Hosting assets to be uploaded with firebase deploy. If you
[info] have a build process for your assets, use your build's output directory.
[info] 
